2025-10-17 16:28:35.368 [main] WARN  com.alibaba.nacos.client.logging.NacosLogging - Load Logback Configuration of Nacos fail, message: Could not initialize Logback Nacos logging from classpath:nacos-logback.xml
2025-10-17 16:28:35.435 [main] WARN  com.alibaba.nacos.client.logging.NacosLogging - Load Logback Configuration of Nacos fail, message: Could not initialize Logback Nacos logging from classpath:nacos-logback.xml
2025-10-17 16:28:35.695 [main] WARN  com.alibaba.nacos.client.logging.NacosLogging - Load Logback Configuration of Nacos fail, message: Could not initialize Logback Nacos logging from classpath:nacos-logback.xml
2025-10-17 16:28:35.697 [main] INFO  com.alibaba.nacos.client.utils.ParamUtil - [settings] [req-serv] nacos-server port:8848
2025-10-17 16:28:35.697 [main] INFO  com.alibaba.nacos.client.utils.ParamUtil - [settings] [http-client] connect timeout:1000
2025-10-17 16:28:35.698 [main] INFO  com.alibaba.nacos.client.utils.ParamUtil - PER_TASK_CONFIG_SIZE: 3000.0
2025-10-17 16:28:35.727 [main] INFO  c.a.n.p.auth.spi.client.ClientAuthPluginManager - [ClientAuthPluginManager] Load ClientAuthService com.alibaba.nacos.client.auth.impl.NacosClientAuthServiceImpl success.
2025-10-17 16:28:35.727 [main] INFO  c.a.n.p.auth.spi.client.ClientAuthPluginManager - [ClientAuthPluginManager] Load ClientAuthService com.alibaba.nacos.client.auth.ram.RamClientAuthServiceImpl success.
2025-10-17 16:28:35.731 [main] INFO  c.a.n.client.auth.ram.identify.CredentialWatcher - null No credential found
2025-10-17 16:28:36.003 [main] WARN  com.alibaba.nacos.client.logging.NacosLogging - Load Logback Configuration of Nacos fail, message: Could not initialize Logback Nacos logging from classpath:nacos-logback.xml
2025-10-17 16:28:36.019 [main] INFO  c.a.n.client.config.impl.LocalConfigInfoProcessor - LOCAL_SNAPSHOT_PATH:C:\Users\lenovo\nacos\config
2025-10-17 16:28:36.024 [main] INFO  com.alibaba.nacos.common.remote.client - [RpcClientFactory] create a new rpc client of d0d4f5f5-7fcf-4926-95a1-e7b4a04f42cd_config-0
2025-10-17 16:28:36.035 [main] INFO  com.alibaba.nacos.common.remote.client - [d0d4f5f5-7fcf-4926-95a1-e7b4a04f42cd_config-0] Register server push request handler:com.alibaba.nacos.client.config.impl.ClientWorker$ConfigRpcTransportClient$$Lambda$584/0x000001b30138be10
2025-10-17 16:28:36.035 [main] INFO  com.alibaba.nacos.common.remote.client - [d0d4f5f5-7fcf-4926-95a1-e7b4a04f42cd_config-0] Register server push request handler:com.alibaba.nacos.client.config.impl.ClientWorker$ConfigRpcTransportClient$$Lambda$585/0x000001b30138c230
2025-10-17 16:28:36.035 [main] INFO  com.alibaba.nacos.common.remote.client - [d0d4f5f5-7fcf-4926-95a1-e7b4a04f42cd_config-0] Registry connection listener to current client:com.alibaba.nacos.client.config.impl.ClientWorker$ConfigRpcTransportClient$1
2025-10-17 16:28:36.043 [main] INFO  com.alibaba.nacos.common.remote.client - [d0d4f5f5-7fcf-4926-95a1-e7b4a04f42cd_config-0] RpcClient init, ServerListFactory = com.alibaba.nacos.client.config.impl.ClientWorker$ConfigRpcTransportClient$2
2025-10-17 16:28:36.055 [main] INFO  com.alibaba.nacos.common.remote.client - [d0d4f5f5-7fcf-4926-95a1-e7b4a04f42cd_config-0] Try to connect to server on start up, server: {serverIp = '192.168.64.129', server main port = 8848}
2025-10-17 16:28:36.094 [main] INFO  c.a.nacos.common.remote.client.grpc.GrpcClient - grpc client connection server:192.168.64.129 ip,serverPort:9848,grpcTslConfig:{"sslProvider":"OPENSSL","enableTls":false,"mutualAuthEnable":false,"trustAll":false}
2025-10-17 16:28:37.450 [main] INFO  com.alibaba.nacos.common.remote.client - [d0d4f5f5-7fcf-4926-95a1-e7b4a04f42cd_config-0] Success to connect to server [192.168.64.129:8848] on start up, connectionId = 1760689716771_192.168.64.1_58897
2025-10-17 16:28:37.451 [com.alibaba.nacos.client.remote.worker] INFO  com.alibaba.nacos.common.remote.client - [d0d4f5f5-7fcf-4926-95a1-e7b4a04f42cd_config-0] Notify connected event to listeners.
2025-10-17 16:28:37.452 [com.alibaba.nacos.client.remote.worker] INFO  com.alibaba.nacos.client.config.impl.ClientWorker - [d0d4f5f5-7fcf-4926-95a1-e7b4a04f42cd_config-0] Connected,notify listen context...
2025-10-17 16:28:37.452 [main] INFO  com.alibaba.nacos.common.remote.client - [d0d4f5f5-7fcf-4926-95a1-e7b4a04f42cd_config-0] Register server push request handler:com.alibaba.nacos.common.remote.client.RpcClient$ConnectResetRequestHandler
2025-10-17 16:28:37.452 [main] INFO  com.alibaba.nacos.common.remote.client - [d0d4f5f5-7fcf-4926-95a1-e7b4a04f42cd_config-0] Register server push request handler:com.alibaba.nacos.common.remote.client.RpcClient$$Lambda$605/0x000001b3014d76d8
2025-10-17 16:28:37.502 [main] INFO  com.alibaba.nacos.client.config.impl.Limiter - limitTime:5.0
2025-10-17 16:28:37.558 [main] WARN  c.a.cloud.nacos.client.NacosPropertySourceBuilder - Ignore the empty nacos configuration and get it based on dataId[xiaohashu-auth] & group[DEFAULT_GROUP]
2025-10-17 16:28:37.605 [main] WARN  c.a.cloud.nacos.client.NacosPropertySourceBuilder - Ignore the empty nacos configuration and get it based on dataId[xiaohashu-auth.yaml] & group[DEFAULT_GROUP]
2025-10-17 16:28:37.640 [main] WARN  c.a.cloud.nacos.client.NacosPropertySourceBuilder - Ignore the empty nacos configuration and get it based on dataId[xiaohashu-auth-dev.yaml] & group[DEFAULT_GROUP]
2025-10-17 16:28:37.640 [main] INFO  o.s.c.b.c.PropertySourceBootstrapConfiguration - Located property source: [BootstrapPropertySource {name='bootstrapProperties-xiaohashu-auth-dev.yaml,DEFAULT_GROUP'}, BootstrapPropertySource {name='bootstrapProperties-xiaohashu-auth.yaml,DEFAULT_GROUP'}, BootstrapPropertySource {name='bootstrapProperties-xiaohashu-auth,DEFAULT_GROUP'}]
2025-10-17 16:28:37.690 [main] WARN  com.alibaba.nacos.client.logging.NacosLogging - Load Logback Configuration of Nacos fail, message: Could not initialize Logback Nacos logging from classpath:nacos-logback.xml
2025-10-17 16:28:37.691 [main] INFO  c.q.xiaohashu.auth.XiaohashuAuthApplication - The following 1 profile is active: "dev"
2025-10-17 16:28:38.293 [main] INFO  o.s.d.r.config.RepositoryConfigurationDelegate - Multiple Spring Data modules found, entering strict repository configuration mode
2025-10-17 16:28:38.295 [main] INFO  o.s.d.r.config.RepositoryConfigurationDelegate - Bootstrapping Spring Data Redis repositories in DEFAULT mode.
2025-10-17 16:28:38.321 [main] INFO  o.s.d.r.config.RepositoryConfigurationDelegate - Finished Spring Data repository scanning in 11 ms. Found 0 Redis repository interfaces.
2025-10-17 16:28:38.512 [main] INFO  o.springframework.cloud.context.scope.GenericScope - BeanFactory id=356acb58-2361-3f10-9460-69d64efe14af
2025-10-17 16:28:39.164 [main] INFO  o.s.boot.web.embedded.tomcat.TomcatWebServer - Tomcat initialized with port(s): 8080 (http)
2025-10-17 16:28:39.174 [main] INFO  org.apache.catalina.core.StandardService - Starting service [Tomcat]
2025-10-17 16:28:39.174 [main] INFO  org.apache.catalina.core.StandardEngine - Starting Servlet engine: [Apache Tomcat/10.1.5]
2025-10-17 16:28:39.264 [main] INFO  o.a.c.core.ContainerBase.[Tomcat].[localhost].[/] - Initializing Spring embedded WebApplicationContext
2025-10-17 16:28:39.264 [main] INFO  o.s.b.w.s.c.ServletWebServerApplicationContext - Root WebApplicationContext: initialization completed in 1561 ms
2025-10-17 16:28:39.630 [main] INFO  c.a.d.s.b.a.DruidDataSourceAutoConfigure - Init DruidDataSource
2025-10-17 16:28:40.113 [main] INFO  com.alibaba.druid.pool.DruidDataSource - {dataSource-1} inited
2025-10-17 16:28:41.499 [main] INFO  o.s.boot.web.embedded.tomcat.TomcatWebServer - Tomcat started on port(s): 8080 (http) with context path ''
2025-10-17 16:28:41.504 [main] INFO  com.alibaba.nacos.client.naming - initializer namespace from ans.namespace attribute : null
2025-10-17 16:28:41.505 [main] INFO  com.alibaba.nacos.client.naming - initializer namespace from ALIBABA_ALIWARE_NAMESPACE attribute :null
2025-10-17 16:28:41.505 [main] INFO  com.alibaba.nacos.client.naming - initializer namespace from namespace attribute :null
2025-10-17 16:28:41.513 [main] INFO  c.a.n.p.auth.spi.client.ClientAuthPluginManager - [ClientAuthPluginManager] Load ClientAuthService com.alibaba.nacos.client.auth.impl.NacosClientAuthServiceImpl success.
2025-10-17 16:28:41.513 [main] INFO  c.a.n.p.auth.spi.client.ClientAuthPluginManager - [ClientAuthPluginManager] Load ClientAuthService com.alibaba.nacos.client.auth.ram.RamClientAuthServiceImpl success.
2025-10-17 16:28:41.517 [main] INFO  com.alibaba.nacos.common.remote.client - [RpcClientFactory] create a new rpc client of 00505cfc-72d7-4898-8d75-da7056a75493
2025-10-17 16:28:41.519 [main] INFO  com.alibaba.nacos.common.remote.client - [00505cfc-72d7-4898-8d75-da7056a75493] RpcClient init, ServerListFactory = com.alibaba.nacos.client.naming.core.ServerListManager
2025-10-17 16:28:41.519 [main] INFO  com.alibaba.nacos.common.remote.client - [00505cfc-72d7-4898-8d75-da7056a75493] Registry connection listener to current client:com.alibaba.nacos.client.naming.remote.gprc.redo.NamingGrpcRedoService
2025-10-17 16:28:41.519 [main] INFO  com.alibaba.nacos.common.remote.client - [00505cfc-72d7-4898-8d75-da7056a75493] Register server push request handler:com.alibaba.nacos.client.naming.remote.gprc.NamingPushRequestHandler
2025-10-17 16:28:41.519 [main] INFO  com.alibaba.nacos.common.remote.client - [00505cfc-72d7-4898-8d75-da7056a75493] Try to connect to server on start up, server: {serverIp = '192.168.64.129', server main port = 8848}
2025-10-17 16:28:41.519 [main] INFO  c.a.nacos.common.remote.client.grpc.GrpcClient - grpc client connection server:192.168.64.129 ip,serverPort:9848,grpcTslConfig:{"sslProvider":"OPENSSL","enableTls":false,"mutualAuthEnable":false,"trustAll":false}
2025-10-17 16:28:41.668 [main] INFO  com.alibaba.nacos.common.remote.client - [00505cfc-72d7-4898-8d75-da7056a75493] Success to connect to server [192.168.64.129:8848] on start up, connectionId = 1760689721442_192.168.64.1_58904
2025-10-17 16:28:41.668 [com.alibaba.nacos.client.remote.worker] INFO  com.alibaba.nacos.common.remote.client - [00505cfc-72d7-4898-8d75-da7056a75493] Notify connected event to listeners.
2025-10-17 16:28:41.668 [main] INFO  com.alibaba.nacos.common.remote.client - [00505cfc-72d7-4898-8d75-da7056a75493] Register server push request handler:com.alibaba.nacos.common.remote.client.RpcClient$ConnectResetRequestHandler
2025-10-17 16:28:41.668 [com.alibaba.nacos.client.remote.worker] INFO  com.alibaba.nacos.client.naming - Grpc connection connect
2025-10-17 16:28:41.668 [main] INFO  com.alibaba.nacos.common.remote.client - [00505cfc-72d7-4898-8d75-da7056a75493] Register server push request handler:com.alibaba.nacos.common.remote.client.RpcClient$$Lambda$605/0x000001b3014d76d8
2025-10-17 16:28:41.670 [main] INFO  com.alibaba.nacos.client.naming - [REGISTER-SERVICE] xiaohashu registering service xiaohashu-auth with instance Instance{instanceId='null', ip='172.26.226.253', port=8080, weight=1.0, healthy=true, enabled=true, ephemeral=true, clusterName='DEFAULT', serviceName='null', metadata={IPv6=null, preserved.register.source=SPRING_CLOUD}}
2025-10-17 16:28:41.709 [main] INFO  c.a.cloud.nacos.registry.NacosServiceRegistry - nacos registry, DEFAULT_GROUP xiaohashu-auth 172.26.226.253:8080 register finished
2025-10-17 16:28:42.072 [main] INFO  c.q.xiaohashu.auth.XiaohashuAuthApplication - Started XiaohashuAuthApplication in 7.583 seconds (process running for 8.204)
2025-10-17 16:28:42.080 [main] INFO  c.q.x.auth.runner.PushRolePermissions2RedisRunner - ==> 服务启动，开始同步角色权限数据到 Redis 中...
2025-10-17 16:28:42.124 [main] DEBUG c.q.x.a.d.mapper.RoleDOMapper.selectEnabledList - ==>  Preparing: select id, role_key, role_name from t_role where status = 0 and is_deleted = 0;
2025-10-17 16:28:42.531 [main] DEBUG c.q.x.a.d.mapper.RoleDOMapper.selectEnabledList - ==> Parameters: 
2025-10-17 16:28:42.596 [main] DEBUG c.q.x.a.d.mapper.RoleDOMapper.selectEnabledList - <==      Total: 1
2025-10-17 16:28:42.641 [main] DEBUG c.q.x.a.d.m.RolePermissionDOMapper.selectByRoleIds - ==>  Preparing: select role_id, permission_id from t_role_permission_rel where role_id in ( ? )
2025-10-17 16:28:42.641 [main] DEBUG c.q.x.a.d.m.RolePermissionDOMapper.selectByRoleIds - ==> Parameters: 1(Long)
2025-10-17 16:28:42.654 [main] DEBUG c.q.x.a.d.m.RolePermissionDOMapper.selectByRoleIds - <==      Total: 2
2025-10-17 16:28:42.655 [main] DEBUG c.q.x.a.d.m.P.selectAppEnabledList - ==>  Preparing: select id, name, permission_key from t_permission where status = 0 and type = 3 and is_deleted = 0
2025-10-17 16:28:42.657 [main] DEBUG c.q.x.a.d.m.P.selectAppEnabledList - ==> Parameters: 
2025-10-17 16:28:42.663 [main] DEBUG c.q.x.a.d.m.P.selectAppEnabledList - <==      Total: 2
2025-10-17 16:28:43.877 [main] INFO  c.q.x.auth.runner.PushRolePermissions2RedisRunner - ==> 服务启动，成功同步角色权限数据到 Redis 中...
2025-10-17 16:28:43.891 [main] INFO  com.alibaba.nacos.client.config.impl.CacheData - nacos.cache.data.init.snapshot = true 
2025-10-17 16:28:43.893 [main] INFO  com.alibaba.nacos.client.config.impl.ClientWorker - [fixed-xiaohashu-192.168.64.129_8848] [subscribe] xiaohashu-auth.yaml+DEFAULT_GROUP+xiaohashu
2025-10-17 16:28:43.910 [main] INFO  com.alibaba.nacos.client.config.impl.CacheData - [fixed-xiaohashu-192.168.64.129_8848] [add-listener] ok, tenant=xiaohashu, dataId=xiaohashu-auth.yaml, group=DEFAULT_GROUP, cnt=1
2025-10-17 16:28:43.913 [main] INFO  c.a.cloud.nacos.refresh.NacosContextRefresher - [Nacos Config] Listening config: dataId=xiaohashu-auth.yaml, group=DEFAULT_GROUP
2025-10-17 16:28:43.914 [main] INFO  com.alibaba.nacos.client.config.impl.ClientWorker - [fixed-xiaohashu-192.168.64.129_8848] [subscribe] xiaohashu-auth-dev.yaml+DEFAULT_GROUP+xiaohashu
2025-10-17 16:28:43.914 [main] INFO  com.alibaba.nacos.client.config.impl.CacheData - [fixed-xiaohashu-192.168.64.129_8848] [add-listener] ok, tenant=xiaohashu, dataId=xiaohashu-auth-dev.yaml, group=DEFAULT_GROUP, cnt=1
2025-10-17 16:28:43.914 [main] INFO  c.a.cloud.nacos.refresh.NacosContextRefresher - [Nacos Config] Listening config: dataId=xiaohashu-auth-dev.yaml, group=DEFAULT_GROUP
2025-10-17 16:28:43.916 [main] INFO  com.alibaba.nacos.client.config.impl.ClientWorker - [fixed-xiaohashu-192.168.64.129_8848] [subscribe] xiaohashu-auth+DEFAULT_GROUP+xiaohashu
2025-10-17 16:28:43.916 [main] INFO  com.alibaba.nacos.client.config.impl.CacheData - [fixed-xiaohashu-192.168.64.129_8848] [add-listener] ok, tenant=xiaohashu, dataId=xiaohashu-auth, group=DEFAULT_GROUP, cnt=1
2025-10-17 16:28:43.918 [main] INFO  c.a.cloud.nacos.refresh.NacosContextRefresher - [Nacos Config] Listening config: dataId=xiaohashu-auth, group=DEFAULT_GROUP
2025-10-17 16:32:28.094 [http-nio-8080-exec-1] INFO  o.a.c.core.ContainerBase.[Tomcat].[localhost].[/] - Initializing Spring DispatcherServlet 'dispatcherServlet'
2025-10-17 16:32:28.095 [http-nio-8080-exec-1] INFO  org.springframework.web.servlet.DispatcherServlet - Initializing Servlet 'dispatcherServlet'
2025-10-17 16:32:28.097 [http-nio-8080-exec-1] INFO  org.springframework.web.servlet.DispatcherServlet - Completed initialization in 1 ms
2025-10-17 16:32:28.103 [http-nio-8080-exec-1] INFO  c.q.f.b.context.filter.HeaderUserId2ContextFilter - ## HeaderUserId2ContextFilter, 用户 ID: 3
2025-10-17 16:32:28.108 [http-nio-8080-exec-1] INFO  c.q.f.b.context.filter.HeaderUserId2ContextFilter - ===== 设置 userId 到 ThreadLocal 中， 用户 ID: 3
2025-10-17 16:32:28.192 [http-nio-8080-exec-1] INFO  c.q.f.b.operationlog.aspect.ApiOperationLogAspect - ====== 请求开始: [修改密码], 入参: {"newPassword":"123456"}, 请求类: UserController, 请求方法: updatePassword =================================== 
2025-10-17 16:32:28.291 [http-nio-8080-exec-1] DEBUG c.q.x.a.d.m.U.updateByPrimaryKeySelective - ==>  Preparing: update t_user SET `password` = ?, update_time = ? where id = ?
2025-10-17 16:32:28.296 [http-nio-8080-exec-1] DEBUG c.q.x.a.d.m.U.updateByPrimaryKeySelective - ==> Parameters: $2a$10$v8WD05eZyiW.Ik8t9WRsDuT4wRT23PQfpcJKERkgHqGdmdNt/fIiu(String), 2025-10-17T16:32:28.285826600(LocalDateTime), 3(Long)
2025-10-17 16:32:28.394 [http-nio-8080-exec-1] DEBUG c.q.x.a.d.m.U.updateByPrimaryKeySelective - <==    Updates: 1
2025-10-17 16:32:28.396 [http-nio-8080-exec-1] INFO  c.q.f.b.operationlog.aspect.ApiOperationLogAspect - ====== 请求结束: [修改密码], 耗时: 204ms, 出参: {"success":true,"message":null,"errorCode":null,"data":null} =================================== 
2025-10-17 16:32:28.410 [http-nio-8080-exec-1] INFO  c.q.f.b.context.filter.HeaderUserId2ContextFilter - ===== 删除 ThreadLocal， userId: 3
2025-10-17 16:40:30.480 [Thread-1] WARN  c.alibaba.nacos.common.http.HttpClientBeanHolder - [HttpClientBeanHolder] Start destroying common HttpClient
2025-10-17 16:40:30.480 [Thread-7] WARN  com.alibaba.nacos.common.notify.NotifyCenter - [NotifyCenter] Start destroying Publisher
2025-10-17 16:40:30.480 [Thread-7] WARN  com.alibaba.nacos.common.notify.NotifyCenter - [NotifyCenter] Destruction of the end
2025-10-17 16:40:30.480 [Thread-1] WARN  c.alibaba.nacos.common.http.HttpClientBeanHolder - [HttpClientBeanHolder] Destruction of the end
2025-10-17 16:40:30.516 [SpringApplicationShutdownHook] INFO  c.a.cloud.nacos.registry.NacosServiceRegistry - De-registering from Nacos Server now...
2025-10-17 16:40:30.516 [SpringApplicationShutdownHook] INFO  com.alibaba.nacos.client.naming - [DEREGISTER-SERVICE] xiaohashu deregistering service xiaohashu-auth with instance: Instance{instanceId='null', ip='172.26.226.253', port=8080, weight=1.0, healthy=true, enabled=true, ephemeral=true, clusterName='DEFAULT', serviceName='null', metadata={}}
2025-10-17 16:40:30.528 [SpringApplicationShutdownHook] INFO  c.a.cloud.nacos.registry.NacosServiceRegistry - De-registration finished.
2025-10-17 16:40:30.528 [SpringApplicationShutdownHook] INFO  com.alibaba.nacos.client.naming - com.alibaba.nacos.client.naming.cache.ServiceInfoHolder do shutdown begin
2025-10-17 16:40:30.528 [SpringApplicationShutdownHook] INFO  com.alibaba.nacos.client.naming - com.alibaba.nacos.client.naming.backups.FailoverReactor do shutdown begin
2025-10-17 16:40:30.529 [SpringApplicationShutdownHook] INFO  com.alibaba.nacos.client.naming - com.alibaba.nacos.client.naming.backups.FailoverReactor do shutdown stop
2025-10-17 16:40:30.529 [SpringApplicationShutdownHook] INFO  com.alibaba.nacos.client.naming - com.alibaba.nacos.client.naming.cache.ServiceInfoHolder do shutdown stop
2025-10-17 16:40:30.529 [SpringApplicationShutdownHook] INFO  com.alibaba.nacos.client.naming - com.alibaba.nacos.client.naming.remote.NamingClientProxyDelegate do shutdown begin
2025-10-17 16:40:30.529 [SpringApplicationShutdownHook] INFO  com.alibaba.nacos.client.naming - com.alibaba.nacos.client.naming.core.ServiceInfoUpdateService do shutdown begin
2025-10-17 16:40:30.529 [SpringApplicationShutdownHook] INFO  com.alibaba.nacos.client.naming - com.alibaba.nacos.client.naming.core.ServiceInfoUpdateService do shutdown stop
2025-10-17 16:40:30.529 [SpringApplicationShutdownHook] INFO  com.alibaba.nacos.client.naming - com.alibaba.nacos.client.naming.core.ServerListManager do shutdown begin
2025-10-17 16:40:30.529 [SpringApplicationShutdownHook] WARN  com.alibaba.nacos.client.naming - [NamingHttpClientManager] Start destroying NacosRestTemplate
2025-10-17 16:40:30.529 [SpringApplicationShutdownHook] WARN  com.alibaba.nacos.client.naming - [NamingHttpClientManager] Destruction of the end
2025-10-17 16:40:30.529 [SpringApplicationShutdownHook] INFO  com.alibaba.nacos.client.naming - com.alibaba.nacos.client.naming.core.ServerListManager do shutdown stop
2025-10-17 16:40:30.529 [SpringApplicationShutdownHook] INFO  com.alibaba.nacos.client.naming - com.alibaba.nacos.client.naming.remote.http.NamingHttpClientProxy do shutdown begin
2025-10-17 16:40:30.529 [SpringApplicationShutdownHook] WARN  com.alibaba.nacos.client.naming - [NamingHttpClientManager] Start destroying NacosRestTemplate
2025-10-17 16:40:30.529 [SpringApplicationShutdownHook] WARN  com.alibaba.nacos.client.naming - [NamingHttpClientManager] Destruction of the end
2025-10-17 16:40:30.529 [SpringApplicationShutdownHook] INFO  com.alibaba.nacos.client.naming - com.alibaba.nacos.client.naming.remote.http.NamingHttpClientProxy do shutdown stop
2025-10-17 16:40:30.529 [SpringApplicationShutdownHook] INFO  com.alibaba.nacos.common.remote.client - Shutdown rpc client, set status to shutdown
2025-10-17 16:40:30.529 [SpringApplicationShutdownHook] INFO  com.alibaba.nacos.common.remote.client - Shutdown client event executor java.util.concurrent.ScheduledThreadPoolExecutor@3707b164[Running, pool size = 2, active threads = 2, queued tasks = 0, completed tasks = 0]
2025-10-17 16:40:30.529 [SpringApplicationShutdownHook] INFO  com.alibaba.nacos.common.remote.client - Close current connection 1760689721442_192.168.64.1_58904
2025-10-17 16:40:30.533 [nacos-grpc-client-executor-192.168.64.129-151] WARN  c.a.nacos.common.remote.client.grpc.GrpcClient - [1760689721442_192.168.64.1_58904]Ignore error event,isRunning:false,isAbandon=false
2025-10-17 16:40:30.535 [SpringApplicationShutdownHook] INFO  c.a.nacos.common.remote.client.grpc.GrpcClient - Shutdown grpc executor java.util.concurrent.ThreadPoolExecutor@1a7185f2[Running, pool size = 5, active threads = 0, queued tasks = 0, completed tasks = 152]
2025-10-17 16:40:30.535 [SpringApplicationShutdownHook] INFO  com.alibaba.nacos.client.naming - Shutdown grpc redo service executor java.util.concurrent.ScheduledThreadPoolExecutor@5a4d7fa9[Running, pool size = 1, active threads = 0, queued tasks = 1, completed tasks = 235]
2025-10-17 16:40:30.535 [SpringApplicationShutdownHook] INFO  c.a.n.client.auth.ram.identify.CredentialWatcher - [null] CredentialWatcher is stopped
2025-10-17 16:40:30.535 [SpringApplicationShutdownHook] INFO  c.a.n.client.auth.ram.identify.CredentialService - [null] CredentialService is freed
2025-10-17 16:40:30.535 [SpringApplicationShutdownHook] INFO  com.alibaba.nacos.client.naming - com.alibaba.nacos.client.naming.remote.NamingClientProxyDelegate do shutdown stop
2025-10-17 16:40:30.535 [SpringApplicationShutdownHook] INFO  com.alibaba.druid.pool.DruidDataSource - {dataSource-1} closing ...
2025-10-17 16:40:30.545 [SpringApplicationShutdownHook] INFO  com.alibaba.druid.pool.DruidDataSource - {dataSource-1} closed
